<?xml version="1.0" encoding="UTF-8"?>
<testsuite name="platform.gateway.MainTests" tests="1" skipped="0" failures="0" errors="0" timestamp="2022-07-09T18:55:36" hostname="sam-mac.local" time="0.538">
  <properties/>
  <testcase name="contextLoads()" classname="platform.gateway.MainTests" time="0.538"/>
  <system-out><![CDATA[12:55:26.683 [Test worker] DEBUG org.springframework.test.context.BootstrapUtils - Instantiating CacheAwareContextLoaderDelegate from class [org.springframework.test.context.cache.DefaultCacheAwareContextLoaderDelegate]
12:55:26.696 [Test worker] DEBUG org.springframework.test.context.BootstrapUtils - Instantiating BootstrapContext using constructor [public org.springframework.test.context.support.DefaultBootstrapContext(java.lang.Class,org.springframework.test.context.CacheAwareContextLoaderDelegate)]
12:55:26.740 [Test worker] DEBUG org.springframework.test.context.BootstrapUtils - Instantiating TestContextBootstrapper for test class [platform.gateway.MainTests] from class [org.springframework.boot.test.context.SpringBootTestContextBootstrapper]
12:55:26.757 [Test worker] INFO org.springframework.boot.test.context.SpringBootTestContextBootstrapper - Neither @ContextConfiguration nor @ContextHierarchy found for test class [platform.gateway.MainTests], using SpringBootContextLoader
12:55:26.763 [Test worker] DEBUG org.springframework.test.context.support.AbstractContextLoader - Did not detect default resource location for test class [platform.gateway.MainTests]: class path resource [platform/gateway/MainTests-context.xml] does not exist
12:55:26.765 [Test worker] DEBUG org.springframework.test.context.support.AbstractContextLoader - Did not detect default resource location for test class [platform.gateway.MainTests]: class path resource [platform/gateway/MainTestsContext.groovy] does not exist
12:55:26.765 [Test worker] INFO org.springframework.test.context.support.AbstractContextLoader - Could not detect default resource locations for test class [platform.gateway.MainTests]: no resource found for suffixes {-context.xml, Context.groovy}.
12:55:26.766 [Test worker] INFO org.springframework.test.context.support.AnnotationConfigContextLoaderUtils - Could not detect default configuration classes for test class [platform.gateway.MainTests]: MainTests does not declare any static, non-private, non-final, nested classes annotated with @Configuration.
12:55:26.843 [Test worker] DEBUG org.springframework.test.context.support.ActiveProfilesUtils - Could not find an 'annotation declaring class' for annotation type [org.springframework.test.context.ActiveProfiles] and class [platform.gateway.MainTests]
12:55:26.938 [Test worker] DEBUG org.springframework.context.annotation.ClassPathScanningCandidateComponentProvider - Identified candidate component class: file [/Users/sam/Documents/pgm/projects/hey-offers-platform/platform/gateway-service/build/classes/java/main/platform/gateway/Main.class]
12:55:26.939 [Test worker] INFO org.springframework.boot.test.context.SpringBootTestContextBootstrapper - Found @SpringBootConfiguration platform.gateway.Main for test class platform.gateway.MainTests
12:55:27.060 [Test worker] DEBUG org.springframework.boot.test.context.SpringBootTestContextBootstrapper - @TestExecutionListeners is not present for class [platform.gateway.MainTests]: using defaults.
12:55:27.061 [Test worker] INFO org.springframework.boot.test.context.SpringBootTestContextBootstrapper - Loaded default TestExecutionListener class names from location [META-INF/spring.factories]: [org.springframework.boot.test.autoconfigure.restdocs.RestDocsTestExecutionListener, org.springframework.boot.test.autoconfigure.web.client.MockRestServiceServerResetTestExecutionListener, org.springframework.boot.test.autoconfigure.web.servlet.MockMvcPrintOnlyOnFailureTestExecutionListener, org.springframework.boot.test.autoconfigure.web.servlet.WebDriverTestExecutionListener, org.springframework.boot.test.autoconfigure.webservices.client.MockWebServiceServerTestExecutionListener, org.springframework.boot.test.mock.mockito.MockitoTestExecutionListener, org.springframework.boot.test.mock.mockito.ResetMocksTestExecutionListener, org.springframework.test.context.web.ServletTestExecutionListener, org.springframework.test.context.support.DirtiesContextBeforeModesTestExecutionListener, org.springframework.test.context.event.ApplicationEventsTestExecutionListener, org.springframework.test.context.support.DependencyInjectionTestExecutionListener, org.springframework.test.context.support.DirtiesContextTestExecutionListener, org.springframework.test.context.transaction.TransactionalTestExecutionListener, org.springframework.test.context.jdbc.SqlScriptsTestExecutionListener, org.springframework.test.context.event.EventPublishingTestExecutionListener]
12:55:27.071 [Test worker] DEBUG org.springframework.boot.test.context.SpringBootTestContextBootstrapper - Skipping candidate TestExecutionListener [org.springframework.test.context.web.ServletTestExecutionListener] due to a missing dependency. Specify custom listener classes or make the default listener classes and their required dependencies available. Offending class: [javax/servlet/ServletContext]
12:55:27.073 [Test worker] DEBUG org.springframework.boot.test.context.SpringBootTestContextBootstrapper - Skipping candidate TestExecutionListener [org.springframework.test.context.transaction.TransactionalTestExecutionListener] due to a missing dependency. Specify custom listener classes or make the default listener classes and their required dependencies available. Offending class: [org/springframework/transaction/interceptor/TransactionAttributeSource]
12:55:27.073 [Test worker] DEBUG org.springframework.boot.test.context.SpringBootTestContextBootstrapper - Skipping candidate TestExecutionListener [org.springframework.test.context.jdbc.SqlScriptsTestExecutionListener] due to a missing dependency. Specify custom listener classes or make the default listener classes and their required dependencies available. Offending class: [org/springframework/transaction/interceptor/TransactionAttribute]
12:55:27.074 [Test worker] INFO org.springframework.boot.test.context.SpringBootTestContextBootstrapper - Using TestExecutionListeners: [org.springframework.test.context.support.DirtiesContextBeforeModesTestExecutionListener@30d4b288, org.springframework.test.context.event.ApplicationEventsTestExecutionListener@4cc6fa2a, org.springframework.boot.test.mock.mockito.MockitoTestExecutionListener@40f1be1b, org.springframework.boot.test.autoconfigure.SpringBootDependencyInjectionTestExecutionListener@7a791b66, org.springframework.test.context.support.DirtiesContextTestExecutionListener@6f2cb653, org.springframework.test.context.event.EventPublishingTestExecutionListener@14c01636, org.springframework.boot.test.autoconfigure.restdocs.RestDocsTestExecutionListener@590c73d3, org.springframework.boot.test.autoconfigure.web.client.MockRestServiceServerResetTestExecutionListener@6b9ce1bf, org.springframework.boot.test.autoconfigure.web.servlet.MockMvcPrintOnlyOnFailureTestExecutionListener@61884cb1, org.springframework.boot.test.autoconfigure.web.servlet.WebDriverTestExecutionListener@75ed9710, org.springframework.boot.test.autoconfigure.webservices.client.MockWebServiceServerTestExecutionListener@4fc5e095, org.springframework.boot.test.mock.mockito.ResetMocksTestExecutionListener@435871cb]
12:55:27.078 [Test worker] DEBUG org.springframework.test.context.support.AbstractDirtiesContextTestExecutionListener - Before test class: context [DefaultTestContext@6c6c5427 testClass = MainTests, testInstance = [null], testMethod = [null], testException = [null], mergedContextConfiguration = [ReactiveWebMergedContextConfiguration@618c5d94 testClass = MainTests, locations = '{}', classes = '{class platform.gateway.Main}', contextInitializerClasses = '[]', activeProfiles = '{}', propertySourceLocations = '{}', propertySourceProperties = '{org.springframework.boot.test.context.SpringBootTestContextBootstrapper=true}', contextCustomizers = set[org.springframework.boot.test.autoconfigure.actuate.metrics.MetricsExportContextCustomizerFactory$DisableMetricExportContextCustomizer@65b104b9, org.springframework.boot.test.autoconfigure.properties.PropertyMappingContextCustomizer@0, org.springframework.boot.test.autoconfigure.web.servlet.WebDriverContextCustomizerFactory$Customizer@5b6ec132, org.springframework.boot.test.context.filter.ExcludeFilterContextCustomizer@7b205dbd, org.springframework.boot.test.json.DuplicateJsonObjectContextCustomizerFactory$DuplicateJsonObjectContextCustomizer@63f259c3, org.springframework.boot.test.mock.mockito.MockitoContextCustomizer@0, org.springframework.boot.test.web.client.TestRestTemplateContextCustomizer@291a7e3c, org.springframework.boot.test.web.reactive.server.WebTestClientContextCustomizer@5a2d131d, org.springframework.boot.test.context.SpringBootTestArgs@1, org.springframework.boot.test.context.SpringBootTestWebEnvironment@683dbc2c], contextLoader = 'org.springframework.boot.test.context.SpringBootContextLoader', parent = [null]], attributes = map[[empty]]], class annotated with @DirtiesContext [false] with mode [null].
12:55:27.093 [Test worker] DEBUG org.springframework.test.context.support.DependencyInjectionTestExecutionListener - Performing dependency injection for test context [[DefaultTestContext@6c6c5427 testClass = MainTests, testInstance = platform.gateway.MainTests@2b43529a, testMethod = [null], testException = [null], mergedContextConfiguration = [ReactiveWebMergedContextConfiguration@618c5d94 testClass = MainTests, locations = '{}', classes = '{class platform.gateway.Main}', contextInitializerClasses = '[]', activeProfiles = '{}', propertySourceLocations = '{}', propertySourceProperties = '{org.springframework.boot.test.context.SpringBootTestContextBootstrapper=true}', contextCustomizers = set[org.springframework.boot.test.autoconfigure.actuate.metrics.MetricsExportContextCustomizerFactory$DisableMetricExportContextCustomizer@65b104b9, org.springframework.boot.test.autoconfigure.properties.PropertyMappingContextCustomizer@0, org.springframework.boot.test.autoconfigure.web.servlet.WebDriverContextCustomizerFactory$Customizer@5b6ec132, org.springframework.boot.test.context.filter.ExcludeFilterContextCustomizer@7b205dbd, org.springframework.boot.test.json.DuplicateJsonObjectContextCustomizerFactory$DuplicateJsonObjectContextCustomizer@63f259c3, org.springframework.boot.test.mock.mockito.MockitoContextCustomizer@0, org.springframework.boot.test.web.client.TestRestTemplateContextCustomizer@291a7e3c, org.springframework.boot.test.web.reactive.server.WebTestClientContextCustomizer@5a2d131d, org.springframework.boot.test.context.SpringBootTestArgs@1, org.springframework.boot.test.context.SpringBootTestWebEnvironment@683dbc2c], contextLoader = 'org.springframework.boot.test.context.SpringBootContextLoader', parent = [null]], attributes = map['org.springframework.test.context.event.ApplicationEventsTestExecutionListener.recordApplicationEvents' -> false]]].

  .   ____          _            __ _ _
 /\\ / ___'_ __ _ _(_)_ __  __ _ \ \ \ \
( ( )\___ | '_ | '_| | '_ \/ _` | \ \ \ \
 \\/  ___)| |_)| | | | | || (_| |  ) ) ) )
  '  |____| .__|_| |_|_| |_\__, | / / / /
 =========|_|==============|___/=/_/_/_/
 :: Spring Boot ::                (v2.7.1)

2022-07-09 12:55:32.656  INFO 92489 --- [    Test worker] platform.gateway.MainTests               : Starting MainTests using Java 17 on sam-mac.local with PID 92489 (started by sam in /Users/sam/Documents/pgm/projects/hey-offers-platform/platform/gateway-service)
2022-07-09 12:55:32.658  INFO 92489 --- [    Test worker] platform.gateway.MainTests               : No active profile set, falling back to 1 default profile: "default"
2022-07-09 12:55:34.803  INFO 92489 --- [    Test worker] o.s.cloud.context.scope.GenericScope     : BeanFactory id=6ddea852-2f6d-3e37-b50d-3c0e0b523f8e
2022-07-09 12:55:36.438  INFO 92489 --- [    Test worker] o.s.c.g.r.RouteDefinitionRouteLocator    : Loaded RoutePredicateFactory [After]
2022-07-09 12:55:36.438  INFO 92489 --- [    Test worker] o.s.c.g.r.RouteDefinitionRouteLocator    : Loaded RoutePredicateFactory [Before]
2022-07-09 12:55:36.438  INFO 92489 --- [    Test worker] o.s.c.g.r.RouteDefinitionRouteLocator    : Loaded RoutePredicateFactory [Between]
2022-07-09 12:55:36.438  INFO 92489 --- [    Test worker] o.s.c.g.r.RouteDefinitionRouteLocator    : Loaded RoutePredicateFactory [Cookie]
2022-07-09 12:55:36.438  INFO 92489 --- [    Test worker] o.s.c.g.r.RouteDefinitionRouteLocator    : Loaded RoutePredicateFactory [Header]
2022-07-09 12:55:36.439  INFO 92489 --- [    Test worker] o.s.c.g.r.RouteDefinitionRouteLocator    : Loaded RoutePredicateFactory [Host]
2022-07-09 12:55:36.439  INFO 92489 --- [    Test worker] o.s.c.g.r.RouteDefinitionRouteLocator    : Loaded RoutePredicateFactory [Method]
2022-07-09 12:55:36.439  INFO 92489 --- [    Test worker] o.s.c.g.r.RouteDefinitionRouteLocator    : Loaded RoutePredicateFactory [Path]
2022-07-09 12:55:36.439  INFO 92489 --- [    Test worker] o.s.c.g.r.RouteDefinitionRouteLocator    : Loaded RoutePredicateFactory [Query]
2022-07-09 12:55:36.439  INFO 92489 --- [    Test worker] o.s.c.g.r.RouteDefinitionRouteLocator    : Loaded RoutePredicateFactory [ReadBody]
2022-07-09 12:55:36.439  INFO 92489 --- [    Test worker] o.s.c.g.r.RouteDefinitionRouteLocator    : Loaded RoutePredicateFactory [RemoteAddr]
2022-07-09 12:55:36.439  INFO 92489 --- [    Test worker] o.s.c.g.r.RouteDefinitionRouteLocator    : Loaded RoutePredicateFactory [XForwardedRemoteAddr]
2022-07-09 12:55:36.439  INFO 92489 --- [    Test worker] o.s.c.g.r.RouteDefinitionRouteLocator    : Loaded RoutePredicateFactory [Weight]
2022-07-09 12:55:36.440  INFO 92489 --- [    Test worker] o.s.c.g.r.RouteDefinitionRouteLocator    : Loaded RoutePredicateFactory [CloudFoundryRouteService]
2022-07-09 12:55:36.928  INFO 92489 --- [    Test worker] platform.gateway.MainTests               : Started MainTests in 9.793 seconds (JVM running for 11.637)
]]></system-out>
  <system-err><![CDATA[]]></system-err>
</testsuite>
